<?xml version="1.0" encoding="UTF-8"?>
<testsuite name="GlobDistanceTest" tests="1" skipped="0" failures="0" errors="0" timestamp="2020-03-20T21:40:16" hostname="DESKTOP-7FOM9FM" time="0.015">
  <properties/>
  <testcase name="distanceCounting()" classname="GlobDistanceTest" time="0.015"/>
  <system-out><![CDATA[]]></system-out>
  <system-err><![CDATA[]]></system-err>
</testsuite>
